INFO: 2025/04/22 11:55:28 logger.go:26: Quitting application
INFO: 2025/04/22 11:58:14 logger.go:26: Quitting application
INFO: 2025/04/22 11:59:02 logger.go:26: Quitting application
INFO: 2025/04/22 12:01:36 logger.go:26: Quitting application
INFO: 2025/04/22 12:02:58 logger.go:26: Quitting application
INFO: 2025/04/22 12:03:14 logger.go:26: File written successfully file test.txt
INFO: 2025/04/22 12:03:14 logger.go:26: File saved successfully file test.txt
INFO: 2025/04/22 12:03:20 logger.go:26: File written successfully file test.txt
INFO: 2025/04/22 12:03:20 logger.go:26: File saved successfully file test.txt
INFO: 2025/04/22 12:03:25 logger.go:26: File written successfully file test.txt
INFO: 2025/04/22 12:03:25 logger.go:26: File saved successfully, quitting file test.txt
INFO: 2025/04/22 12:03:30 logger.go:26: Quitting application
INFO: 2025/04/22 12:04:25 logger.go:26: File written successfully file test.txt
INFO: 2025/04/22 12:04:25 logger.go:26: File saved successfully file test.txt
INFO: 2025/04/22 12:04:30 logger.go:26: Quitting application
INFO: 2025/04/22 12:17:49 logger.go:26: Quitting application
INFO: 2025/04/22 12:20:21 logger.go:26: Quitting application
INFO: 2025/04/22 12:23:16 logger.go:26: Quitting application
INFO: 2025/04/22 12:27:16 logger.go:26: Quitting application
INFO: 2025/04/22 12:28:20 logger.go:26: Quitting application
INFO: 2025/04/22 12:28:52 logger.go:26: Quitting application
INFO: 2025/04/22 12:32:15 logger.go:26: Quitting application
INFO: 2025/04/22 12:32:19 logger.go:26: Quitting application
INFO: 2025/04/22 12:32:54 logger.go:26: Quitting application
INFO: 2025/04/22 12:33:06 logger.go:26: File written successfully file test.txt
INFO: 2025/04/22 12:33:06 logger.go:26: File saved successfully file test.txt
INFO: 2025/04/22 12:33:54 logger.go:26: Quitting application
INFO: 2025/04/22 12:34:05 logger.go:26: Quitting application
INFO: 2025/04/22 12:34:41 logger.go:26: File written successfully file test.txt
INFO: 2025/04/22 12:34:41 logger.go:26: File saved successfully file test.txt
INFO: 2025/04/22 12:34:59 logger.go:26: File written successfully file notes.txt
INFO: 2025/04/22 12:34:59 logger.go:26: File saved successfully file notes.txt
INFO: 2025/04/22 12:36:00 logger.go:26: Quitting application
INFO: 2025/04/22 12:36:39 logger.go:26: Quitting application
INFO: 2025/04/22 12:37:45 logger.go:26: File written successfully file notes.txt
INFO: 2025/04/22 12:37:45 logger.go:26: File saved successfully file notes.txt
INFO: 2025/04/22 12:37:53 logger.go:26: Quitting application
INFO: 2025/04/22 12:38:44 logger.go:26: Quitting application
INFO: 2025/04/22 18:27:20 logger.go:26: File written successfully file notes.txt
INFO: 2025/04/22 18:27:20 logger.go:26: File saved successfully, quitting file notes.txt
INFO: 2025/04/22 18:27:27 logger.go:26: Quitting application
